<?xml version="1.0" encoding="UTF-8"?>
<testng-results skipped="0" failed="0" total="1" passed="1">
  <reporter-output>
  </reporter-output>
  <suite name="Default suite" duration-ms="8666" started-at="2020-02-22T16:30:32Z" finished-at="2020-02-22T16:30:41Z">
    <groups>
    </groups>
    <test name="Default test" duration-ms="8666" started-at="2020-02-22T16:30:32Z" finished-at="2020-02-22T16:30:41Z">
      <class name="testcases.LoginTestWithDataProvider">
        <test-method status="PASS" signature="setupReport()[pri:0, instance:testcases.LoginTestWithDataProvider@4c70fda8]" name="setupReport" is-config="true" duration-ms="181" started-at="2020-02-22T11:30:32Z" finished-at="2020-02-22T11:30:32Z">
          <reporter-output>
          </reporter-output>
        </test-method> <!-- setupReport -->
        <test-method status="PASS" signature="setupBrowser()[pri:0, instance:testcases.LoginTestWithDataProvider@4c70fda8]" name="setupBrowser" is-config="true" duration-ms="4839" started-at="2020-02-22T11:30:32Z" finished-at="2020-02-22T11:30:37Z">
          <reporter-output>
          </reporter-output>
        </test-method> <!-- setupBrowser -->
        <test-method status="PASS" signature="loginToAP(java.lang.String, java.lang.String)[pri:0, instance:testcases.LoginTestWithDataProvider@4c70fda8]" name="loginToAP" duration-ms="2227" started-at="2020-02-22T11:30:37Z" data-provider="LoginData" finished-at="2020-02-22T11:30:40Z">
          <params>
            <param index="0">
              <value>
                <![CDATA[mostafizurrahman188@gmail.com]]>
              </value>
            </param>
            <param index="1">
              <value>
                <![CDATA[mstfzr2011]]>
              </value>
            </param>
          </params>
          <reporter-output>
          </reporter-output>
        </test-method> <!-- loginToAP -->
        <test-method status="PASS" signature="appendReport(org.testng.ITestResult)[pri:0, instance:testcases.LoginTestWithDataProvider@4c70fda8]" name="appendReport" is-config="true" duration-ms="941" started-at="2020-02-22T11:30:40Z" finished-at="2020-02-22T11:30:41Z">
          <params>
            <param index="0">
              <value>
                <![CDATA[[TestResult name=loginToAP status=SUCCESS method=LoginTestWithDataProvider.loginToAP(java.lang.String, java.lang.String)[pri:0, instance:testcases.LoginTestWithDataProvider@4c70fda8] output={null}]]]>
              </value>
            </param>
          </params>
          <reporter-output>
          </reporter-output>
        </test-method> <!-- appendReport -->
        <test-method status="PASS" signature="closeSessions()[pri:0, instance:testcases.LoginTestWithDataProvider@4c70fda8]" name="closeSessions" is-config="true" duration-ms="126" started-at="2020-02-22T11:30:41Z" finished-at="2020-02-22T11:30:41Z">
          <reporter-output>
          </reporter-output>
        </test-method> <!-- closeSessions -->
      </class> <!-- testcases.LoginTestWithDataProvider -->
    </test> <!-- Default test -->
  </suite> <!-- Default suite -->
</testng-results>
